Configuring system-fileio-0.3.16.3...
Building system-fileio-0.3.16.3...
Preprocessing library system-fileio-0.3.16.3...
[1 of 1] Compiling Filesystem       ( lib/Filesystem.hs, .stack-work/dist/x86_64-osx/Cabal-1.22.4.0/build/Filesystem.o )

lib/Filesystem.hs:19:1: Warning: Tab character

lib/Filesystem.hs:20:1: Warning: Tab character

lib/Filesystem.hs:21:1: Warning: Tab character

lib/Filesystem.hs:22:1: Warning: Tab character

lib/Filesystem.hs:23:1: Warning: Tab character

lib/Filesystem.hs:24:1: Warning: Tab character

lib/Filesystem.hs:25:1: Warning: Tab character

lib/Filesystem.hs:26:1: Warning: Tab character

lib/Filesystem.hs:27:1: Warning: Tab character

lib/Filesystem.hs:28:1: Warning: Tab character

lib/Filesystem.hs:29:1: Warning: Tab character

lib/Filesystem.hs:30:1: Warning: Tab character

lib/Filesystem.hs:31:1: Warning: Tab character

lib/Filesystem.hs:32:1: Warning: Tab character

lib/Filesystem.hs:33:1: Warning: Tab character

lib/Filesystem.hs:34:1: Warning: Tab character

lib/Filesystem.hs:35:1: Warning: Tab character

lib/Filesystem.hs:36:1: Warning: Tab character

lib/Filesystem.hs:37:1: Warning: Tab character

lib/Filesystem.hs:38:1: Warning: Tab character

lib/Filesystem.hs:39:1: Warning: Tab character

lib/Filesystem.hs:40:1: Warning: Tab character

lib/Filesystem.hs:41:1: Warning: Tab character

lib/Filesystem.hs:42:1: Warning: Tab character

lib/Filesystem.hs:43:1: Warning: Tab character

lib/Filesystem.hs:44:1: Warning: Tab character

lib/Filesystem.hs:45:1: Warning: Tab character

lib/Filesystem.hs:46:1: Warning: Tab character

lib/Filesystem.hs:47:1: Warning: Tab character

lib/Filesystem.hs:48:1: Warning: Tab character

lib/Filesystem.hs:49:1: Warning: Tab character

lib/Filesystem.hs:50:1: Warning: Tab character

lib/Filesystem.hs:51:1: Warning: Tab character

lib/Filesystem.hs:52:1: Warning: Tab character

lib/Filesystem.hs:53:1: Warning: Tab character

lib/Filesystem.hs:54:1: Warning: Tab character

lib/Filesystem.hs:55:1: Warning: Tab character

lib/Filesystem.hs:56:1: Warning: Tab character

lib/Filesystem.hs:57:1: Warning: Tab character

lib/Filesystem.hs:58:1: Warning: Tab character

lib/Filesystem.hs:59:1: Warning: Tab character

lib/Filesystem.hs:60:1: Warning: Tab character

lib/Filesystem.hs:61:1: Warning: Tab character

lib/Filesystem.hs:62:1: Warning: Tab character

lib/Filesystem.hs:63:1: Warning: Tab character

lib/Filesystem.hs:64:1: Warning: Tab character

lib/Filesystem.hs:65:1: Warning: Tab character

lib/Filesystem.hs:66:1: Warning: Tab character

lib/Filesystem.hs:67:1: Warning: Tab character

lib/Filesystem.hs:68:1: Warning: Tab character

lib/Filesystem.hs:69:1: Warning: Tab character

lib/Filesystem.hs:70:1: Warning: Tab character

lib/Filesystem.hs:71:1: Warning: Tab character

lib/Filesystem.hs:72:1: Warning: Tab character

lib/Filesystem.hs:73:1: Warning: Tab character

lib/Filesystem.hs:74:1: Warning: Tab character

lib/Filesystem.hs:79:1: Warning:
    The import of ‘when’ from module ‘Control.Monad’ is redundant

lib/Filesystem.hs:95:1: Warning:
    The import of ‘System.IO.Error’ is redundant
      except perhaps to import instances from ‘System.IO.Error’
    To import instances alone, use: import System.IO.Error()

lib/Filesystem.hs:141:1: Warning: Tab character

lib/Filesystem.hs:142:1: Warning: Tab character

lib/Filesystem.hs:143:1: Warning: Tab character

lib/Filesystem.hs:144:1: Warning: Tab character

lib/Filesystem.hs:157:1: Warning: Tab character

lib/Filesystem.hs:158:1: Warning: Tab character

lib/Filesystem.hs:159:1: Warning: Tab character

lib/Filesystem.hs:160:1: Warning: Tab character

lib/Filesystem.hs:175:1: Warning: Tab character

lib/Filesystem.hs:176:1: Warning: Tab character

lib/Filesystem.hs:177:1: Warning: Tab character

lib/Filesystem.hs:180:1: Warning: Tab character

lib/Filesystem.hs:198:1: Warning: Tab character

lib/Filesystem.hs:199:1: Warning: Tab character

lib/Filesystem.hs:210:1: Warning: Tab character

lib/Filesystem.hs:211:1: Warning: Tab character

lib/Filesystem.hs:212:1: Warning: Tab character

lib/Filesystem.hs:213:1: Warning: Tab character

lib/Filesystem.hs:214:1: Warning: Tab character

lib/Filesystem.hs:219:1: Warning: Tab character

lib/Filesystem.hs:220:1: Warning: Tab character

lib/Filesystem.hs:232:1: Warning: Tab character

lib/Filesystem.hs:250:1: Warning: Tab character

lib/Filesystem.hs:251:1: Warning: Tab character

lib/Filesystem.hs:252:1: Warning: Tab character

lib/Filesystem.hs:253:1: Warning: Tab character

lib/Filesystem.hs:257:1: Warning: Tab character

lib/Filesystem.hs:258:1: Warning: Tab character

lib/Filesystem.hs:259:1: Warning: Tab character

lib/Filesystem.hs:260:1: Warning: Tab character

lib/Filesystem.hs:261:1: Warning: Tab character

lib/Filesystem.hs:262:1: Warning: Tab character

lib/Filesystem.hs:263:1: Warning: Tab character

lib/Filesystem.hs:264:1: Warning: Tab character

lib/Filesystem.hs:265:1: Warning: Tab character

lib/Filesystem.hs:266:1: Warning: Tab character

lib/Filesystem.hs:267:1: Warning: Tab character

lib/Filesystem.hs:268:1: Warning: Tab character

lib/Filesystem.hs:271:1: Warning: Tab character

lib/Filesystem.hs:285:1: Warning: Tab character

lib/Filesystem.hs:286:1: Warning: Tab character

lib/Filesystem.hs:287:1: Warning: Tab character

lib/Filesystem.hs:288:1: Warning: Tab character

lib/Filesystem.hs:289:1: Warning: Tab character

lib/Filesystem.hs:306:1: Warning: Tab character

lib/Filesystem.hs:307:1: Warning: Tab character

lib/Filesystem.hs:308:1: Warning: Tab character

lib/Filesystem.hs:309:1: Warning: Tab character

lib/Filesystem.hs:310:1: Warning: Tab character

lib/Filesystem.hs:311:1: Warning: Tab character

lib/Filesystem.hs:312:1: Warning: Tab character

lib/Filesystem.hs:313:1: Warning: Tab character

lib/Filesystem.hs:314:1: Warning: Tab character

lib/Filesystem.hs:315:1: Warning: Tab character

lib/Filesystem.hs:316:1: Warning: Tab character

lib/Filesystem.hs:317:1: Warning: Tab character

lib/Filesystem.hs:318:1: Warning: Tab character

lib/Filesystem.hs:319:1: Warning: Tab character

lib/Filesystem.hs:320:1: Warning: Tab character

lib/Filesystem.hs:321:1: Warning: Tab character

lib/Filesystem.hs:322:1: Warning: Tab character

lib/Filesystem.hs:323:1: Warning: Tab character

lib/Filesystem.hs:327:1: Warning: Tab character

lib/Filesystem.hs:328:1: Warning: Tab character

lib/Filesystem.hs:329:1: Warning: Tab character

lib/Filesystem.hs:335:1: Warning: Tab character

lib/Filesystem.hs:336:1: Warning: Tab character

lib/Filesystem.hs:343:1: Warning: Tab character

lib/Filesystem.hs:344:1: Warning: Tab character

lib/Filesystem.hs:345:1: Warning: Tab character

lib/Filesystem.hs:346:1: Warning: Tab character

lib/Filesystem.hs:347:1: Warning: Tab character

lib/Filesystem.hs:348:1: Warning: Tab character

lib/Filesystem.hs:351:1: Warning: Tab character

lib/Filesystem.hs:354:1: Warning: Tab character

lib/Filesystem.hs:357:1: Warning: Tab character

lib/Filesystem.hs:360:1: Warning: Tab character

lib/Filesystem.hs:363:1: Warning: Tab character

lib/Filesystem.hs:366:1: Warning: Tab character

lib/Filesystem.hs:383:1: Warning: Tab character

lib/Filesystem.hs:384:1: Warning: Tab character

lib/Filesystem.hs:387:1: Warning: Tab character

lib/Filesystem.hs:400:1: Warning: Tab character

lib/Filesystem.hs:401:1: Warning: Tab character

lib/Filesystem.hs:404:1: Warning: Tab character

lib/Filesystem.hs:423:1: Warning: Tab character

lib/Filesystem.hs:424:1: Warning: Tab character

lib/Filesystem.hs:425:1: Warning: Tab character

lib/Filesystem.hs:426:1: Warning: Tab character

lib/Filesystem.hs:427:1: Warning: Tab character

lib/Filesystem.hs:428:1: Warning: Tab character

lib/Filesystem.hs:429:1: Warning: Tab character

lib/Filesystem.hs:430:1: Warning: Tab character

lib/Filesystem.hs:431:1: Warning: Tab character

lib/Filesystem.hs:439:1: Warning: Tab character

lib/Filesystem.hs:440:1: Warning: Tab character

lib/Filesystem.hs:443:1: Warning: Tab character

lib/Filesystem.hs:461:1: Warning: Tab character

lib/Filesystem.hs:462:1: Warning: Tab character

lib/Filesystem.hs:463:1: Warning: Tab character

lib/Filesystem.hs:464:1: Warning: Tab character

lib/Filesystem.hs:467:1: Warning: Tab character

lib/Filesystem.hs:489:1: Warning: Tab character

lib/Filesystem.hs:490:1: Warning: Tab character

lib/Filesystem.hs:493:1: Warning: Tab character

lib/Filesystem.hs:517:1: Warning: Tab character

lib/Filesystem.hs:518:1: Warning: Tab character

lib/Filesystem.hs:519:1: Warning: Tab character

lib/Filesystem.hs:520:1: Warning: Tab character

lib/Filesystem.hs:521:1: Warning: Tab character

lib/Filesystem.hs:522:1: Warning: Tab character

lib/Filesystem.hs:534:1: Warning: Tab character

lib/Filesystem.hs:548:1: Warning: Tab character

lib/Filesystem.hs:563:1: Warning: Tab character

lib/Filesystem.hs:578:1: Warning: Tab character

lib/Filesystem.hs:593:1: Warning: Tab character

lib/Filesystem.hs:598:1: Warning: Tab character

lib/Filesystem.hs:599:1: Warning: Tab character

lib/Filesystem.hs:610:1: Warning: Tab character

lib/Filesystem.hs:611:1: Warning: Tab character

lib/Filesystem.hs:612:1: Warning: Tab character

lib/Filesystem.hs:613:1: Warning: Tab character

lib/Filesystem.hs:614:1: Warning: Tab character

lib/Filesystem.hs:615:1: Warning: Tab character

lib/Filesystem.hs:618:1: Warning: Tab character

lib/Filesystem.hs:624:1: Warning: Tab character

lib/Filesystem.hs:625:1: Warning: Tab character

lib/Filesystem.hs:626:1: Warning: Tab character

lib/Filesystem.hs:627:1: Warning: Tab character

lib/Filesystem.hs:628:1: Warning: Tab character

lib/Filesystem.hs:629:1: Warning: Tab character

lib/Filesystem.hs:630:1: Warning: Tab character

lib/Filesystem.hs:645:1: Warning: Tab character

lib/Filesystem.hs:646:1: Warning: Tab character

lib/Filesystem.hs:647:1: Warning: Tab character

lib/Filesystem.hs:661:1: Warning: Tab character

lib/Filesystem.hs:662:1: Warning: Tab character

lib/Filesystem.hs:663:1: Warning: Tab character

lib/Filesystem.hs:664:1: Warning: Tab character

lib/Filesystem.hs:674:1: Warning: Tab character

lib/Filesystem.hs:691:1: Warning: Tab character

lib/Filesystem.hs:692:1: Warning: Tab character

lib/Filesystem.hs:693:1: Warning: Tab character

lib/Filesystem.hs:694:1: Warning: Tab character

lib/Filesystem.hs:725:1: Warning: Tab character

lib/Filesystem.hs:726:1: Warning: Tab character

lib/Filesystem.hs:727:1: Warning: Tab character

lib/Filesystem.hs:745:1: Warning: Tab character

lib/Filesystem.hs:746:1: Warning: Tab character

lib/Filesystem.hs:782:1: Warning: Tab character

lib/Filesystem.hs:792:1: Warning: Tab character

lib/Filesystem.hs:802:1: Warning: Tab character

lib/Filesystem.hs:846:1: Warning: Tab character

lib/Filesystem.hs:856:1: Warning: Tab character

lib/Filesystem.hs:924:1: Warning:
    Defined but not used: ‘throwErrnoPathIfMinus1’

lib/Filesystem.hs:940:1: Warning: Tab character

lib/Filesystem.hs:941:1: Warning: Tab character

lib/Filesystem.hs:942:1: Warning: Tab character

lib/Filesystem.hs:943:1: Warning: Tab character

lib/Filesystem.hs:944:1: Warning: Tab character

lib/Filesystem.hs:945:1: Warning: Tab character

lib/Filesystem.hs:946:1: Warning: Tab character

lib/Filesystem.hs:947:1: Warning: Tab character

lib/Filesystem.hs:948:1: Warning: Tab character

lib/Filesystem.hs:952:1: Warning: Tab character

lib/Filesystem.hs:953:1: Warning: Tab character

lib/Filesystem.hs:974:1: Warning: Tab character
In-place registering system-fileio-0.3.16.3...
Installing library in
/Users/brett/.stack/snapshots/x86_64-osx/lts-3.15/7.10.2/lib/x86_64-osx-ghc-7.10.2/system-fileio-0.3.16.3-CHtYiGUR3pL90kk42zWp3i
Registering system-fileio-0.3.16.3...
