This file contains any messages produced by compilers while
running configure, to aid debugging if configure makes a mistake.

It was created by primesieve configure 5.6.0, which was
generated by GNU Autoconf 2.69.  Invocation command line was

  $ ./configure --enable-examples

## --------- ##
## Platform. ##
## --------- ##

hostname = Galactica
uname -m = x86_64
uname -r = 15.2.0
uname -s = Darwin
uname -v = Darwin Kernel Version 15.2.0: Fri Nov 13 19:56:56 PST 2015; root:xnu-3248.20.55~2/RELEASE_X86_64

/usr/bin/uname -p = i386
/bin/uname -X     = unknown

/bin/arch              = unknown
/usr/bin/arch -k       = unknown
/usr/convex/getsysinfo = unknown
/usr/bin/hostinfo      = Mach kernel version:
	 Darwin Kernel Version 15.2.0: Fri Nov 13 19:56:56 PST 2015; root:xnu-3248.20.55~2/RELEASE_X86_64
Kernel configured for up to 8 processors.
4 processors are physically available.
8 processors are logically available.
Processor type: x86_64h (Intel x86-64h Haswell)
Processors active: 0 1 2 3 4 5 6 7
Primary memory available: 16.00 gigabytes
Default processor set: 320 tasks, 1748 threads, 8 processors
Load average: 1.68, Mach factor: 6.31
/bin/machine           = unknown
/usr/bin/oslevel       = unknown
/bin/universe          = unknown

PATH: /Users/brett/path
PATH: /usr/local/sbin
PATH: //anaconda/bin
PATH: /Users/brett/Library/Haskell/bin
PATH: /usr/local/bin
PATH: /Users/brett/.cabal/bin
PATH: /Users/brett/.local/bin
PATH: /usr/local/bin
PATH: /usr/bin
PATH: /bin
PATH: /usr/sbin
PATH: /sbin
PATH: /opt/X11/bin
PATH: /Library/TeX/texbin
PATH: /Applications/dance-hacking/symlinks


## ----------- ##
## Core tests. ##
## ----------- ##

configure:2323: checking for a BSD-compatible install
configure:2391: result: /usr/bin/install -c
configure:2402: checking whether build environment is sane
configure:2457: result: yes
configure:2608: checking for a thread-safe mkdir -p
configure:2647: result: ./install-sh -c -d
configure:2654: checking for gawk
configure:2684: result: no
configure:2654: checking for mawk
configure:2684: result: no
configure:2654: checking for nawk
configure:2684: result: no
configure:2654: checking for awk
configure:2670: found /usr/bin/awk
configure:2681: result: awk
configure:2692: checking whether make sets $(MAKE)
configure:2714: result: yes
configure:2743: checking whether make supports nested variables
configure:2760: result: yes
configure:2897: checking whether make supports nested variables
configure:2914: result: yes
configure:2973: checking for gcc
configure:2989: found /usr/bin/gcc
configure:3000: result: gcc
configure:3229: checking for C compiler version
configure:3238: gcc --version >&5
Apple LLVM version 7.0.2 (clang-700.1.81)
Target: x86_64-apple-darwin15.2.0
Thread model: posix
Configured with: --prefix=/Library/Developer/CommandLineTools/usr --with-gxx-include-dir=/usr/include/c++/4.2.1
configure:3249: $? = 0
configure:3238: gcc -v >&5
Configured with: --prefix=/Library/Developer/CommandLineTools/usr --with-gxx-include-dir=/usr/include/c++/4.2.1
Apple LLVM version 7.0.2 (clang-700.1.81)
Target: x86_64-apple-darwin15.2.0
Thread model: posix
configure:3249: $? = 0
configure:3238: gcc -V >&5
clang: error: argument to '-V' is missing (expected 1 value)
clang: error: no input files
configure:3249: $? = 1
configure:3238: gcc -qversion >&5
clang: error: unknown argument: '-qversion'
clang: error: no input files
configure:3249: $? = 1
configure:3269: checking whether the C compiler works
configure:3291: gcc    conftest.c  >&5
configure:3295: $? = 0
configure:3343: result: yes
configure:3346: checking for C compiler default output file name
configure:3348: result: a.out
configure:3354: checking for suffix of executables
configure:3361: gcc -o conftest    conftest.c  >&5
configure:3365: $? = 0
configure:3387: result: 
configure:3409: checking whether we are cross compiling
configure:3417: gcc -o conftest    conftest.c  >&5
configure:3421: $? = 0
configure:3428: ./conftest
configure:3432: $? = 0
configure:3447: result: no
configure:3452: checking for suffix of object files
configure:3474: gcc -c   conftest.c >&5
configure:3478: $? = 0
configure:3499: result: o
configure:3503: checking whether we are using the GNU C compiler
configure:3522: gcc -c   conftest.c >&5
configure:3522: $? = 0
configure:3531: result: yes
configure:3540: checking whether gcc accepts -g
configure:3560: gcc -c -g  conftest.c >&5
configure:3560: $? = 0
configure:3601: result: yes
configure:3618: checking for gcc option to accept ISO C89
configure:3681: gcc  -c -g -O2  conftest.c >&5
configure:3681: $? = 0
configure:3694: result: none needed
configure:3719: checking whether gcc understands -c and -o together
configure:3741: gcc -c conftest.c -o conftest2.o
configure:3744: $? = 0
configure:3741: gcc -c conftest.c -o conftest2.o
configure:3744: $? = 0
configure:3756: result: yes
configure:3784: checking for style of include used by make
configure:3812: result: GNU
configure:3838: checking dependency style of gcc
configure:3949: result: gcc3
configure:4022: checking for g++
configure:4038: found /usr/bin/g++
configure:4049: result: g++
configure:4076: checking for C++ compiler version
configure:4085: g++ --version >&5
Apple LLVM version 7.0.2 (clang-700.1.81)
Target: x86_64-apple-darwin15.2.0
Thread model: posix
Configured with: --prefix=/Library/Developer/CommandLineTools/usr --with-gxx-include-dir=/usr/include/c++/4.2.1
configure:4096: $? = 0
configure:4085: g++ -v >&5
Configured with: --prefix=/Library/Developer/CommandLineTools/usr --with-gxx-include-dir=/usr/include/c++/4.2.1
Apple LLVM version 7.0.2 (clang-700.1.81)
Target: x86_64-apple-darwin15.2.0
Thread model: posix
configure:4096: $? = 0
configure:4085: g++ -V >&5
clang: error: argument to '-V' is missing (expected 1 value)
clang: error: no input files
configure:4096: $? = 1
configure:4085: g++ -qversion >&5
clang: error: unknown argument: '-qversion'
clang: error: no input files
configure:4096: $? = 1
configure:4100: checking whether we are using the GNU C++ compiler
configure:4119: g++ -c   conftest.cpp >&5
configure:4119: $? = 0
configure:4128: result: yes
configure:4137: checking whether g++ accepts -g
configure:4157: g++ -c -g  conftest.cpp >&5
configure:4157: $? = 0
configure:4198: result: yes
configure:4223: checking dependency style of g++
configure:4334: result: gcc3
configure:4358: checking for g++ option to support OpenMP
configure:4373: g++ -o conftest -g -O2   conftest.cpp  >&5
conftest.cpp:13:2: error: unknown type name 'choke'
 choke me
 ^
conftest.cpp:15:10: fatal error: 'omp.h' file not found
#include <omp.h>
         ^
2 errors generated.
configure:4373: $? = 1
configure: failed program was:
| /* confdefs.h */
| #define PACKAGE_NAME "primesieve"
| #define PACKAGE_TARNAME "primesieve"
| #define PACKAGE_VERSION "5.6.0"
| #define PACKAGE_STRING "primesieve 5.6.0"
| #define PACKAGE_BUGREPORT "kim.walisch@gmail.com"
| #define PACKAGE_URL ""
| #define PACKAGE "primesieve"
| #define VERSION "5.6.0"
| /* end confdefs.h.  */
| 
| #ifndef _OPENMP
|  choke me
| #endif
| #include <omp.h>
| int main () { return omp_get_num_threads (); }
| 
configure:4391: g++ -o conftest -g -O2 -fopenmp   conftest.cpp  >&5
conftest.cpp:13:2: error: unknown type name 'choke'
 choke me
 ^
conftest.cpp:15:10: fatal error: 'omp.h' file not found
#include <omp.h>
         ^
2 errors generated.
configure:4391: $? = 1
configure: failed program was:
| /* confdefs.h */
| #define PACKAGE_NAME "primesieve"
| #define PACKAGE_TARNAME "primesieve"
| #define PACKAGE_VERSION "5.6.0"
| #define PACKAGE_STRING "primesieve 5.6.0"
| #define PACKAGE_BUGREPORT "kim.walisch@gmail.com"
| #define PACKAGE_URL ""
| #define PACKAGE "primesieve"
| #define VERSION "5.6.0"
| /* end confdefs.h.  */
| 
| #ifndef _OPENMP
|  choke me
| #endif
| #include <omp.h>
| int main () { return omp_get_num_threads (); }
| 
configure:4391: g++ -o conftest -g -O2 -xopenmp   conftest.cpp  >&5
clang: error: language not recognized: 'openmp'
configure:4391: $? = 1
configure: failed program was:
| /* confdefs.h */
| #define PACKAGE_NAME "primesieve"
| #define PACKAGE_TARNAME "primesieve"
| #define PACKAGE_VERSION "5.6.0"
| #define PACKAGE_STRING "primesieve 5.6.0"
| #define PACKAGE_BUGREPORT "kim.walisch@gmail.com"
| #define PACKAGE_URL ""
| #define PACKAGE "primesieve"
| #define VERSION "5.6.0"
| /* end confdefs.h.  */
| 
| #ifndef _OPENMP
|  choke me
| #endif
| #include <omp.h>
| int main () { return omp_get_num_threads (); }
| 
configure:4391: g++ -o conftest -g -O2 -openmp   conftest.cpp  >&5
conftest.cpp:13:2: error: unknown type name 'choke'
 choke me
 ^
conftest.cpp:15:10: fatal error: 'omp.h' file not found
#include <omp.h>
         ^
2 errors generated.
configure:4391: $? = 1
configure: failed program was:
| /* confdefs.h */
| #define PACKAGE_NAME "primesieve"
| #define PACKAGE_TARNAME "primesieve"
| #define PACKAGE_VERSION "5.6.0"
| #define PACKAGE_STRING "primesieve 5.6.0"
| #define PACKAGE_BUGREPORT "kim.walisch@gmail.com"
| #define PACKAGE_URL ""
| #define PACKAGE "primesieve"
| #define VERSION "5.6.0"
| /* end confdefs.h.  */
| 
| #ifndef _OPENMP
|  choke me
| #endif
| #include <omp.h>
| int main () { return omp_get_num_threads (); }
| 
configure:4391: g++ -o conftest -g -O2 -mp   conftest.cpp  >&5
clang: error: unknown argument: '-mp'
configure:4391: $? = 1
configure: failed program was:
| /* confdefs.h */
| #define PACKAGE_NAME "primesieve"
| #define PACKAGE_TARNAME "primesieve"
| #define PACKAGE_VERSION "5.6.0"
| #define PACKAGE_STRING "primesieve 5.6.0"
| #define PACKAGE_BUGREPORT "kim.walisch@gmail.com"
| #define PACKAGE_URL ""
| #define PACKAGE "primesieve"
| #define VERSION "5.6.0"
| /* end confdefs.h.  */
| 
| #ifndef _OPENMP
|  choke me
| #endif
| #include <omp.h>
| int main () { return omp_get_num_threads (); }
| 
configure:4391: g++ -o conftest -g -O2 -omp   conftest.cpp  >&5
conftest.cpp:13:2: error: unknown type name 'choke'
 choke me
 ^
conftest.cpp:15:10: fatal error: 'omp.h' file not found
#include <omp.h>
         ^
2 errors generated.
configure:4391: $? = 1
configure: failed program was:
| /* confdefs.h */
| #define PACKAGE_NAME "primesieve"
| #define PACKAGE_TARNAME "primesieve"
| #define PACKAGE_VERSION "5.6.0"
| #define PACKAGE_STRING "primesieve 5.6.0"
| #define PACKAGE_BUGREPORT "kim.walisch@gmail.com"
| #define PACKAGE_URL ""
| #define PACKAGE "primesieve"
| #define VERSION "5.6.0"
| /* end confdefs.h.  */
| 
| #ifndef _OPENMP
|  choke me
| #endif
| #include <omp.h>
| int main () { return omp_get_num_threads (); }
| 
configure:4391: g++ -o conftest -g -O2 -qsmp=omp   conftest.cpp  >&5
clang: error: unknown argument: '-qsmp=omp'
configure:4391: $? = 1
configure: failed program was:
| /* confdefs.h */
| #define PACKAGE_NAME "primesieve"
| #define PACKAGE_TARNAME "primesieve"
| #define PACKAGE_VERSION "5.6.0"
| #define PACKAGE_STRING "primesieve 5.6.0"
| #define PACKAGE_BUGREPORT "kim.walisch@gmail.com"
| #define PACKAGE_URL ""
| #define PACKAGE "primesieve"
| #define VERSION "5.6.0"
| /* end confdefs.h.  */
| 
| #ifndef _OPENMP
|  choke me
| #endif
| #include <omp.h>
| int main () { return omp_get_num_threads (); }
| 
configure:4391: g++ -o conftest -g -O2 -homp   conftest.cpp  >&5
clang: error: unknown argument: '-homp'
configure:4391: $? = 1
configure: failed program was:
| /* confdefs.h */
| #define PACKAGE_NAME "primesieve"
| #define PACKAGE_TARNAME "primesieve"
| #define PACKAGE_VERSION "5.6.0"
| #define PACKAGE_STRING "primesieve 5.6.0"
| #define PACKAGE_BUGREPORT "kim.walisch@gmail.com"
| #define PACKAGE_URL ""
| #define PACKAGE "primesieve"
| #define VERSION "5.6.0"
| /* end confdefs.h.  */
| 
| #ifndef _OPENMP
|  choke me
| #endif
| #include <omp.h>
| int main () { return omp_get_num_threads (); }
| 
configure:4391: g++ -o conftest -g -O2 -Popenmp   conftest.cpp  >&5
clang: error: unknown argument: '-Popenmp'
configure:4391: $? = 1
configure: failed program was:
| /* confdefs.h */
| #define PACKAGE_NAME "primesieve"
| #define PACKAGE_TARNAME "primesieve"
| #define PACKAGE_VERSION "5.6.0"
| #define PACKAGE_STRING "primesieve 5.6.0"
| #define PACKAGE_BUGREPORT "kim.walisch@gmail.com"
| #define PACKAGE_URL ""
| #define PACKAGE "primesieve"
| #define VERSION "5.6.0"
| /* end confdefs.h.  */
| 
| #ifndef _OPENMP
|  choke me
| #endif
| #include <omp.h>
| int main () { return omp_get_num_threads (); }
| 
configure:4391: g++ -o conftest -g -O2 --openmp   conftest.cpp  >&5
clang: error: unsupported option '--openmp'
configure:4391: $? = 1
configure: failed program was:
| /* confdefs.h */
| #define PACKAGE_NAME "primesieve"
| #define PACKAGE_TARNAME "primesieve"
| #define PACKAGE_VERSION "5.6.0"
| #define PACKAGE_STRING "primesieve 5.6.0"
| #define PACKAGE_BUGREPORT "kim.walisch@gmail.com"
| #define PACKAGE_URL ""
| #define PACKAGE "primesieve"
| #define VERSION "5.6.0"
| /* end confdefs.h.  */
| 
| #ifndef _OPENMP
|  choke me
| #endif
| #include <omp.h>
| int main () { return omp_get_num_threads (); }
| 
configure:4405: result: unsupported
configure:4420: checking build system type
configure:4434: result: x86_64-apple-darwin15.2.0
configure:4454: checking host system type
configure:4467: result: x86_64-apple-darwin15.2.0
configure:4540: checking for ar
configure:4556: found /usr/bin/ar
configure:4567: result: ar
configure:4593: checking the archiver (ar) interface
configure:4609: gcc -c -g -O2  conftest.c >&5
configure:4609: $? = 0
configure:4611: ar cru libconftest.a conftest.o >&5
configure:4614: $? = 0
configure:4642: result: ar
configure:4710: checking how to print strings
configure:4737: result: printf
configure:4758: checking for a sed that does not truncate output
configure:4822: result: /usr/bin/sed
configure:4840: checking for grep that handles long lines and -e
configure:4898: result: /usr/bin/grep
configure:4903: checking for egrep
configure:4965: result: /usr/bin/grep -E
configure:4970: checking for fgrep
configure:5032: result: /usr/bin/grep -F
configure:5067: checking for ld used by gcc
configure:5134: result: /Library/Developer/CommandLineTools/usr/bin/ld
configure:5141: checking if the linker (/Library/Developer/CommandLineTools/usr/bin/ld) is GNU ld
configure:5156: result: no
configure:5168: checking for BSD- or MS-compatible name lister (nm)
configure:5217: result: /usr/bin/nm
configure:5347: checking the name lister (/usr/bin/nm) interface
configure:5354: g++ -c -g -O2  conftest.cpp >&5
configure:5357: /usr/bin/nm "conftest.o"
configure:5360: output
000000000000021c S _some_variable
configure:5367: result: BSD nm
configure:5370: checking whether ln -s works
configure:5374: result: yes
configure:5382: checking the maximum length of command line arguments
configure:5513: result: 196608
configure:5530: checking whether the shell understands some XSI constructs
configure:5540: result: yes
configure:5544: checking whether the shell understands "+="
configure:5550: result: yes
configure:5585: checking how to convert x86_64-apple-darwin15.2.0 file names to x86_64-apple-darwin15.2.0 format
configure:5625: result: func_convert_file_noop
configure:5632: checking how to convert x86_64-apple-darwin15.2.0 file names to toolchain format
configure:5652: result: func_convert_file_noop
configure:5659: checking for /Library/Developer/CommandLineTools/usr/bin/ld option to reload object files
configure:5666: result: -r
configure:5740: checking for objdump
configure:5770: result: no
configure:5799: checking how to recognize dependent libraries
configure:5997: result: pass_all
configure:6082: checking for dlltool
configure:6112: result: no
configure:6142: checking how to associate runtime and link libraries
configure:6169: result: printf %s\n
configure:6293: checking for archiver @FILE support
configure:6310: g++ -c -g -O2  conftest.cpp >&5
configure:6310: $? = 0
configure:6313: ar cr libconftest.a @conftest.lst >&5
ar: @conftest.lst: No such file or directory
configure:6316: $? = 1
configure:6336: result: no
configure:6394: checking for strip
configure:6410: found /usr/bin/strip
configure:6421: result: strip
configure:6493: checking for ranlib
configure:6509: found /usr/bin/ranlib
configure:6520: result: ranlib
configure:6622: checking command to parse /usr/bin/nm output from gcc object
configure:6742: g++ -c -g -O2  conftest.cpp >&5
configure:6745: $? = 0
configure:6749: /usr/bin/nm conftest.o \| sed -n -e 's/^.*[ ]\([BCDEGRST][BCDEGRST]*\)[ ][ ]*\([_A-Za-z][_A-Za-z0-9]*\)$/\1 \2 \2/p' | sed '/ __gnu_lto/d' \> conftest.nm
configure:6752: $? = 0
cannot find nm_test_var in conftest.nm
configure:6742: g++ -c -g -O2  conftest.cpp >&5
configure:6745: $? = 0
configure:6749: /usr/bin/nm conftest.o \| sed -n -e 's/^.*[ ]\([BCDEGRST][BCDEGRST]*\)[ ][ ]*_\([_A-Za-z][_A-Za-z0-9]*\)$/\1 _\2 \2/p' | sed '/ __gnu_lto/d' \> conftest.nm
configure:6752: $? = 0
configure:6818: g++ -o conftest -g -O2   conftest.cpp conftstm.o >&5
configure:6821: $? = 0
configure:6859: result: ok
configure:6896: checking for sysroot
configure:6926: result: no
configure:7195: checking for mt
configure:7225: result: no
configure:7245: checking if : is a manifest tool
configure:7251: : '-?'
configure:7259: result: no
configure:7315: checking for dsymutil
configure:7331: found /usr/bin/dsymutil
configure:7342: result: dsymutil
configure:7407: checking for nmedit
configure:7423: found /usr/bin/nmedit
configure:7434: result: nmedit
configure:7499: checking for lipo
configure:7515: found /usr/bin/lipo
configure:7526: result: lipo
configure:7591: checking for otool
configure:7607: found /usr/bin/otool
configure:7618: result: otool
configure:7683: checking for otool64
configure:7713: result: no
configure:7758: checking for -single_module linker flag
gcc -g -O2  -o libconftest.dylib -dynamiclib -Wl,-single_module conftest.c
configure:7791: result: yes
configure:7794: checking for -exported_symbols_list linker flag
configure:7814: g++ -o conftest -g -O2   -Wl,-exported_symbols_list,conftest.sym conftest.cpp  >&5
configure:7814: $? = 0
configure:7824: result: yes
configure:7827: checking for -force_load linker flag
gcc -g -O2 -c -o conftest.o conftest.c
ar cru libconftest.a conftest.o
ranlib libconftest.a
gcc -g -O2  -o conftest conftest.c -Wl,-force_load,./libconftest.a
configure:7859: result: yes
configure:7901: checking how to run the C preprocessor
configure:7932: gcc -E  conftest.c
configure:7932: $? = 0
configure:7946: gcc -E  conftest.c
conftest.c:11:10: fatal error: 'ac_nonexistent.h' file not found
#include <ac_nonexistent.h>
         ^
1 error generated.
configure:7946: $? = 1
configure: failed program was:
| /* confdefs.h */
| #define PACKAGE_NAME "primesieve"
| #define PACKAGE_TARNAME "primesieve"
| #define PACKAGE_VERSION "5.6.0"
| #define PACKAGE_STRING "primesieve 5.6.0"
| #define PACKAGE_BUGREPORT "kim.walisch@gmail.com"
| #define PACKAGE_URL ""
| #define PACKAGE "primesieve"
| #define VERSION "5.6.0"
| /* end confdefs.h.  */
| #include <ac_nonexistent.h>
configure:7971: result: gcc -E
configure:7991: gcc -E  conftest.c
configure:7991: $? = 0
configure:8005: gcc -E  conftest.c
conftest.c:11:10: fatal error: 'ac_nonexistent.h' file not found
#include <ac_nonexistent.h>
         ^
1 error generated.
configure:8005: $? = 1
configure: failed program was:
| /* confdefs.h */
| #define PACKAGE_NAME "primesieve"
| #define PACKAGE_TARNAME "primesieve"
| #define PACKAGE_VERSION "5.6.0"
| #define PACKAGE_STRING "primesieve 5.6.0"
| #define PACKAGE_BUGREPORT "kim.walisch@gmail.com"
| #define PACKAGE_URL ""
| #define PACKAGE "primesieve"
| #define VERSION "5.6.0"
| /* end confdefs.h.  */
| #include <ac_nonexistent.h>
configure:8034: checking for ANSI C header files
configure:8054: gcc -c -g -O2  conftest.c >&5
configure:8054: $? = 0
configure:8127: gcc -o conftest -g -O2   conftest.c  >&5
configure:8127: $? = 0
configure:8127: ./conftest
configure:8127: $? = 0
configure:8138: result: yes
configure:8151: checking for sys/types.h
configure:8151: gcc -c -g -O2  conftest.c >&5
configure:8151: $? = 0
configure:8151: result: yes
configure:8151: checking for sys/stat.h
configure:8151: gcc -c -g -O2  conftest.c >&5
configure:8151: $? = 0
configure:8151: result: yes
configure:8151: checking for stdlib.h
configure:8151: gcc -c -g -O2  conftest.c >&5
configure:8151: $? = 0
configure:8151: result: yes
configure:8151: checking for string.h
configure:8151: gcc -c -g -O2  conftest.c >&5
configure:8151: $? = 0
configure:8151: result: yes
configure:8151: checking for memory.h
configure:8151: gcc -c -g -O2  conftest.c >&5
configure:8151: $? = 0
configure:8151: result: yes
configure:8151: checking for strings.h
configure:8151: gcc -c -g -O2  conftest.c >&5
configure:8151: $? = 0
configure:8151: result: yes
configure:8151: checking for inttypes.h
configure:8151: gcc -c -g -O2  conftest.c >&5
configure:8151: $? = 0
configure:8151: result: yes
configure:8151: checking for stdint.h
configure:8151: gcc -c -g -O2  conftest.c >&5
configure:8151: $? = 0
configure:8151: result: yes
configure:8151: checking for unistd.h
configure:8151: gcc -c -g -O2  conftest.c >&5
configure:8151: $? = 0
configure:8151: result: yes
configure:8165: checking for dlfcn.h
configure:8165: gcc -c -g -O2  conftest.c >&5
configure:8165: $? = 0
configure:8165: result: yes
configure:8381: checking for objdir
configure:8396: result: .libs
configure:8667: checking if gcc supports -fno-rtti -fno-exceptions
configure:8685: gcc -c -g -O2  -fno-rtti -fno-exceptions conftest.c >&5
configure:8689: $? = 0
configure:8702: result: yes
configure:9029: checking for gcc option to produce PIC
configure:9036: result: -fno-common -DPIC
configure:9044: checking if gcc PIC flag -fno-common -DPIC works
configure:9062: gcc -c -g -O2  -fno-common -DPIC -DPIC conftest.c >&5
configure:9066: $? = 0
configure:9079: result: yes
configure:9108: checking if gcc static flag -static works
configure:9136: result: no
configure:9151: checking if gcc supports -c -o file.o
configure:9172: gcc -c -g -O2  -o out/conftest2.o conftest.c >&5
configure:9176: $? = 0
configure:9198: result: yes
configure:9206: checking if gcc supports -c -o file.o
configure:9253: result: yes
configure:9286: checking whether the gcc linker (/Library/Developer/CommandLineTools/usr/bin/ld) supports shared libraries
configure:10443: result: yes
configure:10683: checking dynamic linker characteristics
configure:11417: result: darwin15.2.0 dyld
configure:11524: checking how to hardcode library paths into programs
configure:11549: result: immediate
configure:12089: checking whether stripping libraries is possible
configure:12103: result: yes
configure:12129: checking if libtool supports shared libraries
configure:12131: result: yes
configure:12134: checking whether to build shared libraries
configure:12155: result: yes
configure:12158: checking whether to build static libraries
configure:12162: result: yes
configure:12185: checking how to run the C++ preprocessor
configure:12212: g++ -E  conftest.cpp
configure:12212: $? = 0
configure:12226: g++ -E  conftest.cpp
conftest.cpp:23:10: fatal error: 'ac_nonexistent.h' file not found
#include <ac_nonexistent.h>
         ^
1 error generated.
configure:12226: $? = 1
configure: failed program was:
| /* confdefs.h */
| #define PACKAGE_NAME "primesieve"
| #define PACKAGE_TARNAME "primesieve"
| #define PACKAGE_VERSION "5.6.0"
| #define PACKAGE_STRING "primesieve 5.6.0"
| #define PACKAGE_BUGREPORT "kim.walisch@gmail.com"
| #define PACKAGE_URL ""
| #define PACKAGE "primesieve"
| #define VERSION "5.6.0"
| #define STDC_HEADERS 1
| #define HAVE_SYS_TYPES_H 1
| #define HAVE_SYS_STAT_H 1
| #define HAVE_STDLIB_H 1
| #define HAVE_STRING_H 1
| #define HAVE_MEMORY_H 1
| #define HAVE_STRINGS_H 1
| #define HAVE_INTTYPES_H 1
| #define HAVE_STDINT_H 1
| #define HAVE_UNISTD_H 1
| #define HAVE_DLFCN_H 1
| #define LT_OBJDIR ".libs/"
| /* end confdefs.h.  */
| #include <ac_nonexistent.h>
configure:12251: result: g++ -E
configure:12271: g++ -E  conftest.cpp
configure:12271: $? = 0
configure:12285: g++ -E  conftest.cpp
conftest.cpp:23:10: fatal error: 'ac_nonexistent.h' file not found
#include <ac_nonexistent.h>
         ^
1 error generated.
configure:12285: $? = 1
configure: failed program was:
| /* confdefs.h */
| #define PACKAGE_NAME "primesieve"
| #define PACKAGE_TARNAME "primesieve"
| #define PACKAGE_VERSION "5.6.0"
| #define PACKAGE_STRING "primesieve 5.6.0"
| #define PACKAGE_BUGREPORT "kim.walisch@gmail.com"
| #define PACKAGE_URL ""
| #define PACKAGE "primesieve"
| #define VERSION "5.6.0"
| #define STDC_HEADERS 1
| #define HAVE_SYS_TYPES_H 1
| #define HAVE_SYS_STAT_H 1
| #define HAVE_STDLIB_H 1
| #define HAVE_STRING_H 1
| #define HAVE_MEMORY_H 1
| #define HAVE_STRINGS_H 1
| #define HAVE_INTTYPES_H 1
| #define HAVE_STDINT_H 1
| #define HAVE_UNISTD_H 1
| #define HAVE_DLFCN_H 1
| #define LT_OBJDIR ".libs/"
| /* end confdefs.h.  */
| #include <ac_nonexistent.h>
configure:12454: checking for ld used by g++
configure:12521: result: /Library/Developer/CommandLineTools/usr/bin/ld
configure:12528: checking if the linker (/Library/Developer/CommandLineTools/usr/bin/ld) is GNU ld
configure:12543: result: no
configure:12598: checking whether the g++ linker (/Library/Developer/CommandLineTools/usr/bin/ld) supports shared libraries
configure:13600: result: yes
configure:13636: g++ -c -g -O2  conftest.cpp >&5
configure:13639: $? = 0
configure:14159: checking for g++ option to produce PIC
configure:14166: result: -fno-common -DPIC
configure:14174: checking if g++ PIC flag -fno-common -DPIC works
configure:14192: g++ -c -g -O2  -fno-common -DPIC -DPIC conftest.cpp >&5
configure:14196: $? = 0
configure:14209: result: yes
configure:14232: checking if g++ static flag -static works
configure:14260: result: no
configure:14272: checking if g++ supports -c -o file.o
configure:14293: g++ -c -g -O2  -o out/conftest2.o conftest.cpp >&5
configure:14297: $? = 0
configure:14319: result: yes
configure:14324: checking if g++ supports -c -o file.o
configure:14371: result: yes
configure:14401: checking whether the g++ linker (/Library/Developer/CommandLineTools/usr/bin/ld) supports shared libraries
configure:14440: result: yes
configure:14581: checking dynamic linker characteristics
configure:15249: result: darwin15.2.0 dyld
configure:15302: checking how to hardcode library paths into programs
configure:15327: result: immediate
configure:15392: checking for dot
configure:15408: found /usr/local/bin/dot
configure:15420: result: YES
configure:15662: checking that generated files are newer than configure
configure:15668: result: done
configure:15711: creating ./config.status

## ---------------------- ##
## Running config.status. ##
## ---------------------- ##

This file was extended by primesieve config.status 5.6.0, which was
generated by GNU Autoconf 2.69.  Invocation command line was

  CONFIG_FILES    = 
  CONFIG_HEADERS  = 
  CONFIG_LINKS    = 
  CONFIG_COMMANDS = 
  $ ./config.status 

on Galactica

config.status:1154: creating Makefile
config.status:1154: creating primesieve.pc
config.status:1154: creating doc/Doxyfile
config.status:1154: creating config.h
config.status:1383: executing depfiles commands
config.status:1383: executing libtool commands
configure:18204: NOTICE: using L1_DCACHE_SIZE=32 (kilobytes)
configure:18213: NOTICE: using SIEVESIZE=32 (kilobytes)

## ---------------- ##
## Cache variables. ##
## ---------------- ##

ac_cv_build=x86_64-apple-darwin15.2.0
ac_cv_c_compiler_gnu=yes
ac_cv_cxx_compiler_gnu=yes
ac_cv_env_CCC_set=
ac_cv_env_CCC_value=
ac_cv_env_CC_set=
ac_cv_env_CC_value=
ac_cv_env_CFLAGS_set=
ac_cv_env_CFLAGS_value=
ac_cv_env_CPPFLAGS_set=
ac_cv_env_CPPFLAGS_value=
ac_cv_env_CPP_set=
ac_cv_env_CPP_value=
ac_cv_env_CXXCPP_set=
ac_cv_env_CXXCPP_value=
ac_cv_env_CXXFLAGS_set=
ac_cv_env_CXXFLAGS_value=
ac_cv_env_CXX_set=
ac_cv_env_CXX_value=
ac_cv_env_L1_DCACHE_SIZE_set=
ac_cv_env_L1_DCACHE_SIZE_value=
ac_cv_env_LDFLAGS_set=
ac_cv_env_LDFLAGS_value=
ac_cv_env_LIBS_set=
ac_cv_env_LIBS_value=
ac_cv_env_SIEVESIZE_set=
ac_cv_env_SIEVESIZE_value=
ac_cv_env_build_alias_set=
ac_cv_env_build_alias_value=
ac_cv_env_host_alias_set=
ac_cv_env_host_alias_value=
ac_cv_env_target_alias_set=
ac_cv_env_target_alias_value=
ac_cv_header_dlfcn_h=yes
ac_cv_header_inttypes_h=yes
ac_cv_header_memory_h=yes
ac_cv_header_stdc=yes
ac_cv_header_stdint_h=yes
ac_cv_header_stdlib_h=yes
ac_cv_header_string_h=yes
ac_cv_header_strings_h=yes
ac_cv_header_sys_stat_h=yes
ac_cv_header_sys_types_h=yes
ac_cv_header_unistd_h=yes
ac_cv_host=x86_64-apple-darwin15.2.0
ac_cv_objext=o
ac_cv_path_EGREP='/usr/bin/grep -E'
ac_cv_path_FGREP='/usr/bin/grep -F'
ac_cv_path_GREP=/usr/bin/grep
ac_cv_path_SED=/usr/bin/sed
ac_cv_path_install='/usr/bin/install -c'
ac_cv_prog_AWK=awk
ac_cv_prog_CPP='gcc -E'
ac_cv_prog_CXXCPP='g++ -E'
ac_cv_prog_HAVE_DOT=YES
ac_cv_prog_ac_ct_AR=ar
ac_cv_prog_ac_ct_CC=gcc
ac_cv_prog_ac_ct_CXX=g++
ac_cv_prog_ac_ct_DSYMUTIL=dsymutil
ac_cv_prog_ac_ct_LIPO=lipo
ac_cv_prog_ac_ct_NMEDIT=nmedit
ac_cv_prog_ac_ct_OTOOL=otool
ac_cv_prog_ac_ct_RANLIB=ranlib
ac_cv_prog_ac_ct_STRIP=strip
ac_cv_prog_cc_c89=
ac_cv_prog_cc_g=yes
ac_cv_prog_cxx_g=yes
ac_cv_prog_cxx_openmp=unsupported
ac_cv_prog_make_make_set=yes
am_cv_CC_dependencies_compiler_type=gcc3
am_cv_CXX_dependencies_compiler_type=gcc3
am_cv_ar_interface=ar
am_cv_make_support_nested_variables=yes
am_cv_prog_cc_c_o=yes
lt_cv_apple_cc_single_mod=yes
lt_cv_ar_at_file=no
lt_cv_deplibs_check_method=pass_all
lt_cv_file_magic_cmd='$MAGIC_CMD'
lt_cv_file_magic_test_file=
lt_cv_ld_exported_symbols_list=yes
lt_cv_ld_force_load=yes
lt_cv_ld_reload_flag=-r
lt_cv_nm_interface='BSD nm'
lt_cv_objdir=.libs
lt_cv_path_LD=/Library/Developer/CommandLineTools/usr/bin/ld
lt_cv_path_LDCXX=/Library/Developer/CommandLineTools/usr/bin/ld
lt_cv_path_NM=/usr/bin/nm
lt_cv_path_mainfest_tool=no
lt_cv_prog_compiler_c_o=yes
lt_cv_prog_compiler_c_o_CXX=yes
lt_cv_prog_compiler_pic='-fno-common -DPIC'
lt_cv_prog_compiler_pic_CXX='-fno-common -DPIC'
lt_cv_prog_compiler_pic_works=yes
lt_cv_prog_compiler_pic_works_CXX=yes
lt_cv_prog_compiler_rtti_exceptions=yes
lt_cv_prog_compiler_static_works=no
lt_cv_prog_compiler_static_works_CXX=no
lt_cv_prog_gnu_ld=no
lt_cv_prog_gnu_ldcxx=no
lt_cv_sharedlib_from_linklib_cmd='printf %s\n'
lt_cv_sys_global_symbol_pipe='sed -n -e '\''s/^.*[	 ]\([BCDEGRST][BCDEGRST]*\)[	 ][	 ]*_\([_A-Za-z][_A-Za-z0-9]*\)$/\1 _\2 \2/p'\'' | sed '\''/ __gnu_lto/d'\'''
lt_cv_sys_global_symbol_to_c_name_address='sed -n -e '\''s/^: \([^ ]*\)[ ]*$/  {\"\1\", (void *) 0},/p'\'' -e '\''s/^[BCDEGRST]* \([^ ]*\) \([^ ]*\)$/  {"\2", (void *) \&\2},/p'\'''
lt_cv_sys_global_symbol_to_c_name_address_lib_prefix='sed -n -e '\''s/^: \([^ ]*\)[ ]*$/  {\"\1\", (void *) 0},/p'\'' -e '\''s/^[BCDEGRST]* \([^ ]*\) \(lib[^ ]*\)$/  {"\2", (void *) \&\2},/p'\'' -e '\''s/^[BCDEGRST]* \([^ ]*\) \([^ ]*\)$/  {"lib\2", (void *) \&\2},/p'\'''
lt_cv_sys_global_symbol_to_cdecl='sed -n -e '\''s/^T .* \(.*\)$/extern int \1();/p'\'' -e '\''s/^[BCDEGRST]* .* \(.*\)$/extern char \1;/p'\'''
lt_cv_sys_max_cmd_len=196608
lt_cv_to_host_file_cmd=func_convert_file_noop
lt_cv_to_tool_file_cmd=func_convert_file_noop

## ----------------- ##
## Output variables. ##
## ----------------- ##

ACLOCAL='${SHELL} /Users/brett/Desktop/Code/github/project-euler/src/almost/primesieve-5.6.0/missing aclocal-1.15'
AMDEPBACKSLASH='\'
AMDEP_FALSE='#'
AMDEP_TRUE=''
AMTAR='$${TAR-tar}'
AM_BACKSLASH='\'
AM_DEFAULT_V='$(AM_DEFAULT_VERBOSITY)'
AM_DEFAULT_VERBOSITY='0'
AM_V='$(V)'
AR='ar'
AR_FLAGS='cr'
AUTOCONF='${SHELL} /Users/brett/Desktop/Code/github/project-euler/src/almost/primesieve-5.6.0/missing autoconf'
AUTOHEADER='${SHELL} /Users/brett/Desktop/Code/github/project-euler/src/almost/primesieve-5.6.0/missing autoheader'
AUTOMAKE='${SHELL} /Users/brett/Desktop/Code/github/project-euler/src/almost/primesieve-5.6.0/missing automake-1.15'
AWK='awk'
CC='gcc'
CCDEPMODE='depmode=gcc3'
CFLAGS='-g -O2'
CPP='gcc -E'
CPPFLAGS=''
CXX='g++'
CXXCPP='g++ -E'
CXXDEPMODE='depmode=gcc3'
CXXFLAGS='-g -O2'
CYGPATH_W='echo'
DEFS='-DHAVE_CONFIG_H'
DEPDIR='.deps'
DLLTOOL='false'
DSYMUTIL='dsymutil'
DUMPBIN=''
ECHO_C='\c'
ECHO_N=''
ECHO_T=''
EGREP='/usr/bin/grep -E'
EXEEXT=''
FGREP='/usr/bin/grep -F'
FORCE_SHARED_LIBRARY_FALSE=''
FORCE_SHARED_LIBRARY_TRUE='#'
GREP='/usr/bin/grep'
HAVE_DOT='YES'
INSTALL_DATA='${INSTALL} -m 644'
INSTALL_PROGRAM='${INSTALL}'
INSTALL_SCRIPT='${INSTALL}'
INSTALL_STRIP_PROGRAM='$(install_sh) -c -s'
L1_DCACHE_SIZE='32'
LD='/Library/Developer/CommandLineTools/usr/bin/ld'
LDFLAGS=''
LIBOBJS=''
LIBS=''
LIBTOOL='$(SHELL) $(top_builddir)/libtool'
LIPO='lipo'
LN_S='ln -s'
LTLIBOBJS=''
MAKEINFO='${SHELL} /Users/brett/Desktop/Code/github/project-euler/src/almost/primesieve-5.6.0/missing makeinfo'
MAKE_EXAMPLES_FALSE='#'
MAKE_EXAMPLES_TRUE=''
MANIFEST_TOOL=':'
MKDIR_P='./install-sh -c -d'
NM='/usr/bin/nm'
NMEDIT='nmedit'
OBJDUMP='false'
OBJEXT='o'
OPENMP_CXXFLAGS=''
OTOOL64=':'
OTOOL='otool'
PACKAGE='primesieve'
PACKAGE_BUGREPORT='kim.walisch@gmail.com'
PACKAGE_NAME='primesieve'
PACKAGE_STRING='primesieve 5.6.0'
PACKAGE_TARNAME='primesieve'
PACKAGE_URL=''
PACKAGE_VERSION='5.6.0'
PATH_SEPARATOR=':'
RANLIB='ranlib'
SED='/usr/bin/sed'
SET_MAKE=''
SHELL='/bin/sh'
SIEVESIZE='32'
STRIP='strip'
VERSION='5.6.0'
ac_ct_AR='ar'
ac_ct_CC='gcc'
ac_ct_CXX='g++'
ac_ct_DUMPBIN=''
am__EXEEXT_FALSE=''
am__EXEEXT_TRUE='#'
am__fastdepCC_FALSE='#'
am__fastdepCC_TRUE=''
am__fastdepCXX_FALSE='#'
am__fastdepCXX_TRUE=''
am__include='include'
am__isrc=''
am__leading_dot='.'
am__nodep='_no'
am__quote=''
am__tar='$${TAR-tar} chof - "$$tardir"'
am__untar='$${TAR-tar} xf -'
bindir='${exec_prefix}/bin'
build='x86_64-apple-darwin15.2.0'
build_alias=''
build_cpu='x86_64'
build_os='darwin15.2.0'
build_vendor='apple'
datadir='${datarootdir}'
datarootdir='${prefix}/share'
docdir='${datarootdir}/doc/${PACKAGE_TARNAME}'
dvidir='${docdir}'
exec_prefix='${prefix}'
host='x86_64-apple-darwin15.2.0'
host_alias=''
host_cpu='x86_64'
host_os='darwin15.2.0'
host_vendor='apple'
htmldir='${docdir}'
includedir='${prefix}/include'
infodir='${datarootdir}/info'
install_sh='${SHELL} /Users/brett/Desktop/Code/github/project-euler/src/almost/primesieve-5.6.0/install-sh'
libdir='${exec_prefix}/lib'
libexecdir='${exec_prefix}/libexec'
localedir='${datarootdir}/locale'
localstatedir='${prefix}/var'
mandir='${datarootdir}/man'
mkdir_p='$(MKDIR_P)'
oldincludedir='/usr/include'
pdfdir='${docdir}'
prefix='/usr/local'
primesieve_lib_version='6:0:0'
program_transform_name='s,x,x,'
psdir='${docdir}'
sbindir='${exec_prefix}/sbin'
sharedstatedir='${prefix}/com'
sysconfdir='${prefix}/etc'
target_alias=''

## ----------- ##
## confdefs.h. ##
## ----------- ##

/* confdefs.h */
#define PACKAGE_NAME "primesieve"
#define PACKAGE_TARNAME "primesieve"
#define PACKAGE_VERSION "5.6.0"
#define PACKAGE_STRING "primesieve 5.6.0"
#define PACKAGE_BUGREPORT "kim.walisch@gmail.com"
#define PACKAGE_URL ""
#define PACKAGE "primesieve"
#define VERSION "5.6.0"
#define STDC_HEADERS 1
#define HAVE_SYS_TYPES_H 1
#define HAVE_SYS_STAT_H 1
#define HAVE_STDLIB_H 1
#define HAVE_STRING_H 1
#define HAVE_MEMORY_H 1
#define HAVE_STRINGS_H 1
#define HAVE_INTTYPES_H 1
#define HAVE_STDINT_H 1
#define HAVE_UNISTD_H 1
#define HAVE_DLFCN_H 1
#define LT_OBJDIR ".libs/"
#define L1_DCACHE_SIZE 32
#define SIEVESIZE 32

configure: exit 0
